TN:
SF:app.js
FN:21,(anonymous_0)
FN:31,(anonymous_1)
FNF:2
FNH:0
FNDA:0,(anonymous_0)
FNDA:0,(anonymous_1)
DA:2,1
DA:3,1
DA:4,1
DA:5,1
DA:6,1
DA:7,1
DA:8,1
DA:9,1
DA:11,1
DA:12,1
DA:14,1
DA:21,0
DA:22,1
DA:24,1
DA:25,1
DA:26,1
DA:27,1
DA:29,1
DA:31,1
DA:32,0
DA:35,1
LF:21
LH:19
BRF:0
BRH:0
end_of_record
TN:
SF:app\controllers\order.js
FN:10,(anonymous_0)
FN:20,(anonymous_1)
FN:31,(anonymous_2)
FN:42,(anonymous_3)
FN:60,(anonymous_4)
FN:79,(anonymous_5)
FN:85,(anonymous_6)
FN:101,(anonymous_7)
FN:107,(anonymous_8)
FN:123,(anonymous_9)
FN:134,(anonymous_10)
FN:155,(anonymous_11)
FNF:12
FNH:12
FNDA:1,(anonymous_0)
FNDA:1,(anonymous_1)
FNDA:1,(anonymous_2)
FNDA:2,(anonymous_3)
FNDA:1,(anonymous_4)
FNDA:2,(anonymous_5)
FNDA:2,(anonymous_6)
FNDA:1,(anonymous_7)
FNDA:1,(anonymous_8)
FNDA:1,(anonymous_9)
FNDA:1,(anonymous_10)
FNDA:3,(anonymous_11)
DA:1,1
DA:2,1
DA:3,1
DA:4,1
DA:5,1
DA:6,1
DA:7,1
DA:9,1
DA:11,1
DA:12,1
DA:13,1
DA:15,0
DA:16,0
DA:21,1
DA:22,1
DA:23,1
DA:24,1
DA:26,0
DA:27,0
DA:32,1
DA:33,1
DA:34,1
DA:35,1
DA:37,0
DA:38,0
DA:43,2
DA:44,2
DA:45,2
DA:46,2
DA:47,2
DA:48,1
DA:49,1
DA:50,1
DA:51,1
DA:57,1
DA:58,1
DA:60,1
DA:61,1
DA:62,0
DA:64,1
DA:66,1
DA:67,1
DA:68,1
DA:69,1
DA:71,1
DA:72,1
DA:74,0
DA:75,0
DA:80,2
DA:81,2
DA:82,2
DA:83,2
DA:84,2
DA:85,2
DA:86,2
DA:87,2
DA:88,2
DA:89,2
DA:90,2
DA:91,2
DA:93,2
DA:94,2
DA:96,0
DA:97,0
DA:102,1
DA:103,1
DA:104,1
DA:105,1
DA:106,1
DA:107,1
DA:108,1
DA:109,1
DA:110,1
DA:111,1
DA:112,0
DA:113,0
DA:115,1
DA:116,1
DA:118,0
DA:119,0
DA:124,1
DA:125,1
DA:126,1
DA:127,0
DA:129,0
DA:130,0
DA:135,1
DA:136,1
DA:137,1
DA:138,1
DA:139,1
DA:140,0
DA:141,0
DA:142,0
DA:147,0
DA:148,0
DA:150,0
DA:151,0
DA:156,3
DA:157,3
DA:158,3
DA:159,1
DA:160,1
DA:161,1
DA:162,1
DA:164,0
DA:165,0
LF:107
LH:80
BRDA:47,0,0,1
BRDA:47,0,1,1
BRDA:61,1,0,0
BRDA:61,1,1,1
BRDA:84,2,0,0
BRDA:84,2,1,2
BRDA:86,3,0,0
BRDA:86,3,1,2
BRDA:106,4,0,0
BRDA:106,4,1,1
BRDA:108,5,0,0
BRDA:108,5,1,1
BRDA:126,6,0,1
BRDA:126,6,1,0
BRDA:139,7,0,1
BRDA:139,7,1,0
BRDA:158,8,0,2
BRDA:158,8,1,1
BRDA:159,9,0,0
BRDA:159,9,1,1
BRF:20
BRH:12
end_of_record
TN:
SF:app\controllers\product-category.js
FN:8,(anonymous_0)
FN:18,(anonymous_1)
FN:30,(anonymous_2)
FN:42,(anonymous_3)
FN:54,(anonymous_4)
FNF:5
FNH:5
FNDA:1,(anonymous_0)
FNDA:2,(anonymous_1)
FNDA:2,(anonymous_2)
FNDA:2,(anonymous_3)
FNDA:2,(anonymous_4)
DA:1,1
DA:2,1
DA:3,1
DA:4,1
DA:5,1
DA:7,1
DA:9,1
DA:10,1
DA:11,1
DA:13,0
DA:14,0
DA:19,2
DA:20,2
DA:21,1
DA:22,1
DA:23,1
DA:25,0
DA:26,0
DA:31,2
DA:32,2
DA:33,1
DA:34,1
DA:35,1
DA:37,0
DA:38,0
DA:43,2
DA:44,2
DA:45,1
DA:46,1
DA:47,1
DA:49,0
DA:50,0
DA:55,2
DA:56,2
DA:57,1
DA:58,1
DA:59,1
DA:61,0
DA:62,0
LF:39
LH:29
BRDA:20,0,0,1
BRDA:20,0,1,1
BRDA:32,1,0,1
BRDA:32,1,1,1
BRDA:44,2,0,1
BRDA:44,2,1,1
BRDA:56,3,0,1
BRDA:56,3,1,1
BRF:8
BRH:8
end_of_record
TN:
SF:app\controllers\product.js
FN:7,(anonymous_0)
FN:21,(anonymous_1)
FN:34,(anonymous_2)
FN:46,(anonymous_3)
FN:57,(anonymous_4)
FNF:5
FNH:5
FNDA:2,(anonymous_0)
FNDA:3,(anonymous_1)
FNDA:2,(anonymous_2)
FNDA:2,(anonymous_3)
FNDA:2,(anonymous_4)
DA:1,1
DA:2,1
DA:3,1
DA:4,1
DA:6,1
DA:8,2
DA:9,2
DA:10,2
DA:11,1
DA:13,2
DA:14,2
DA:16,0
DA:17,0
DA:22,3
DA:23,3
DA:24,2
DA:25,1
DA:26,1
DA:27,1
DA:29,0
DA:30,0
DA:35,2
DA:36,2
DA:37,1
DA:38,1
DA:39,1
DA:41,0
DA:42,0
DA:47,2
DA:48,2
DA:49,1
DA:50,1
DA:52,0
DA:53,0
DA:58,2
DA:59,2
DA:60,1
DA:61,1
DA:63,0
DA:64,0
LF:40
LH:30
BRDA:10,0,0,1
BRDA:10,0,1,1
BRDA:10,1,0,2
BRDA:10,1,1,2
BRDA:23,2,0,1
BRDA:23,2,1,2
BRDA:24,3,0,1
BRDA:24,3,1,1
BRDA:36,4,0,1
BRDA:36,4,1,1
BRDA:48,5,0,1
BRDA:48,5,1,1
BRDA:59,6,0,1
BRDA:59,6,1,1
BRF:14
BRH:14
end_of_record
TN:
SF:app\controllers\userAuth.js
FN:9,(anonymous_0)
FN:52,(anonymous_1)
FNF:2
FNH:2
FNDA:8,(anonymous_0)
FNDA:8,(anonymous_1)
DA:1,1
DA:2,1
DA:3,1
DA:4,1
DA:5,1
DA:6,1
DA:8,1
DA:10,8
DA:11,8
DA:12,7
DA:13,6
DA:14,5
DA:16,4
DA:20,4
DA:21,3
DA:22,3
DA:23,1
DA:24,1
DA:25,0
DA:26,0
DA:29,0
DA:35,0
DA:36,0
DA:41,0
DA:45,0
DA:47,0
DA:48,0
DA:53,8
DA:54,8
DA:63,8
DA:65,7
DA:66,6
DA:68,5
DA:73,5
DA:77,5
DA:80,1
DA:81,1
LF:37
LH:28
BRDA:11,0,0,1
BRDA:11,0,1,7
BRDA:12,1,0,1
BRDA:12,1,1,6
BRDA:13,2,0,1
BRDA:13,2,1,5
BRDA:14,3,0,1
BRDA:14,3,1,4
BRDA:16,4,0,0
BRDA:16,4,1,4
BRDA:17,5,0,0
BRDA:17,5,1,4
BRDA:18,6,0,0
BRDA:18,6,1,4
BRDA:19,7,0,3
BRDA:19,7,1,1
BRDA:20,8,0,1
BRDA:20,8,1,3
BRDA:22,9,0,2
BRDA:22,9,1,1
BRDA:24,10,0,1
BRDA:24,10,1,0
BRDA:26,11,0,0
BRDA:26,11,1,0
BRDA:63,12,0,1
BRDA:63,12,1,7
BRDA:66,13,0,1
BRDA:66,13,1,5
BRF:28
BRH:22
end_of_record
TN:
SF:app\models\order.js
FNF:0
FNH:0
DA:1,1
DA:2,1
DA:3,1
DA:4,1
DA:42,1
LF:5
LH:5
BRF:0
BRH:0
end_of_record
TN:
SF:app\models\payment.js
FNF:0
FNH:0
DA:1,1
DA:2,1
DA:3,1
DA:4,1
DA:29,1
LF:5
LH:5
BRF:0
BRH:0
end_of_record
TN:
SF:app\models\product.js
FNF:0
FNH:0
DA:1,1
DA:2,1
DA:4,1
DA:30,1
LF:4
LH:4
BRF:0
BRH:0
end_of_record
TN:
SF:app\models\productCategory.js
FNF:0
FNH:0
DA:1,1
DA:2,1
DA:4,1
DA:23,1
LF:4
LH:4
BRF:0
BRH:0
end_of_record
TN:
SF:app\models\user.js
FNF:0
FNH:0
DA:1,1
DA:2,1
DA:4,1
DA:22,1
LF:4
LH:4
BRF:0
BRH:0
end_of_record
TN:
SF:app\routes\routes.js
FNF:0
FNH:0
DA:1,1
DA:2,1
DA:3,1
DA:4,1
DA:5,1
DA:6,1
DA:7,1
DA:10,1
DA:11,1
DA:14,1
DA:15,1
DA:16,1
DA:17,1
DA:18,1
DA:21,1
DA:22,1
DA:23,1
DA:24,1
DA:25,1
DA:28,1
DA:29,1
DA:30,1
DA:31,1
DA:32,1
DA:33,1
DA:34,1
DA:35,1
DA:36,1
DA:40,1
LF:29
LH:29
BRF:0
BRH:0
end_of_record
